
----------------------------------------
Matplotlib has been configured as follows:

Figure DPI (Display): 100 DPI
Figure DPI (Save): 300 DPI
Figure Size (Not the Axis Size): 160.0 x 100.0 mm (width x height)
Font Size (Title): 8 pt
Font Size (X/Y Label): 8 pt
Font Size (Tick Label): 7 pt
Font Size (Legend): 6 pt
Hide Top and Right Axes: True
Custom Colors (RGBA):
  blue: (0, 128, 192, 0.9)
  red: (255, 70, 50, 0.9)
  pink: (255, 150, 200, 0.9)
  green: (20, 180, 20, 0.9)
  yellow: (230, 160, 20, 0.9)
  grey: (128, 128, 128, 0.9)
  purple: (200, 50, 255, 0.9)
  lightblue: (20, 200, 200, 0.9)
  brown: (128, 0, 0, 0.9)
  darkblue: (0, 0, 100, 0.9)
  orange: (228, 94, 50, 0.9)
  white: (255, 255, 255, 0.9)
  black: (0, 0, 0, 0.9)
----------------------------------------
[93m
Saved to: /home/ywatanabe/proj/entrance/mngs/dsp/_demo_sig/RUNNING/2024Y-04M-10D-18h41m24s_4ic3/traces.png
[0m

END TIME: 2024-04-10 18:42:13.983414

SPENT TIME: 00:00:49
[93m
Saved to: /home/ywatanabe/proj/entrance/mngs/dsp/_demo_sig/RUNNING/2024Y-04M-10D-18h41m24s_4ic3/CONFIG.pkl
[0m
[93m
Saved to: /home/ywatanabe/proj/entrance/mngs/dsp/_demo_sig/RUNNING/2024Y-04M-10D-18h41m24s_4ic3/CONFIG.yaml
[0m

Email was sent: mngs.notification@gmail.com -> wyusuuke@gmail.com (ID: 2024Y-04M-10D-18h41m24s_4ic3)

Renamed from: /home/ywatanabe/proj/entrance/mngs/dsp/_demo_sig/RUNNING/2024Y-04M-10D-18h41m24s_4ic3/ to /home/ywatanabe/proj/entrance/mngs/dsp/_demo_sig/FINISHED/2024Y-04M-10D-18h41m24s_4ic3/
