
----------------------------------------
Matplotlib has been configured as follows:

Figure DPI (Display): 100 DPI
Figure DPI (Save): 300 DPI
Figure Size (Not the Axis Size): 160.0 x 100.0 mm (width x height)
Font Size (Title): 8 pt
Font Size (X/Y Label): 8 pt
Font Size (Tick Label): 7 pt
Font Size (Legend): 6 pt
Hide Top and Right Axes: True
Custom Colors (RGBA):
  blue: (0, 128, 192, 0.9)
  red: (255, 70, 50, 0.9)
  pink: (255, 150, 200, 0.9)
  green: (20, 180, 20, 0.9)
  yellow: (230, 160, 20, 0.9)
  grey: (128, 128, 128, 0.9)
  purple: (200, 50, 255, 0.9)
  lightblue: (20, 200, 200, 0.9)
  brown: (128, 0, 0, 0.9)
  darkblue: (0, 0, 100, 0.9)
  orange: (228, 94, 50, 0.9)
  white: (255, 255, 255, 0.9)
  black: (0, 0, 0, 0.9)
----------------------------------------
[93m
Saved to: /home/ywatanabe/proj/entrance/mngs/nn/_DifferentiableBandPassFilterInitializer/differentiable_bandpass_filter_reponses_filter#000_2.0_Hz.png
[0m
[93m
Saved to: /home/ywatanabe/proj/entrance/mngs/nn/_DifferentiableBandPassFilterInitializer/differentiable_bandpass_filter_reponses_filter#001_2.6_Hz.png
[0m
[93m
Saved to: /home/ywatanabe/proj/entrance/mngs/nn/_DifferentiableBandPassFilterInitializer/differentiable_bandpass_filter_reponses_filter#002_3.2_Hz.png
[0m
[93m
Saved to: /home/ywatanabe/proj/entrance/mngs/nn/_DifferentiableBandPassFilterInitializer/differentiable_bandpass_filter_reponses_filter#003_3.9_Hz.png
[0m
[93m
Saved to: /home/ywatanabe/proj/entrance/mngs/nn/_DifferentiableBandPassFilterInitializer/differentiable_bandpass_filter_reponses_filter#004_4.5_Hz.png
[0m
[93m
Saved to: /home/ywatanabe/proj/entrance/mngs/nn/_DifferentiableBandPassFilterInitializer/differentiable_bandpass_filter_reponses_filter#005_5.1_Hz.png
[0m
[93m
Saved to: /home/ywatanabe/proj/entrance/mngs/nn/_DifferentiableBandPassFilterInitializer/differentiable_bandpass_filter_reponses_filter#006_5.7_Hz.png
[0m
[93m
Saved to: /home/ywatanabe/proj/entrance/mngs/nn/_DifferentiableBandPassFilterInitializer/differentiable_bandpass_filter_reponses_filter#007_6.3_Hz.png
[0m
[93m
Saved to: /home/ywatanabe/proj/entrance/mngs/nn/_DifferentiableBandPassFilterInitializer/differentiable_bandpass_filter_reponses_filter#008_7.0_Hz.png
[0m
[93m
Saved to: /home/ywatanabe/proj/entrance/mngs/nn/_DifferentiableBandPassFilterInitializer/differentiable_bandpass_filter_reponses_filter#009_7.6_Hz.png
[0m
[93m
Saved to: /home/ywatanabe/proj/entrance/mngs/nn/_DifferentiableBandPassFilterInitializer/differentiable_bandpass_filter_reponses_filter#010_8.2_Hz.png
[0m
[93m
Saved to: /home/ywatanabe/proj/entrance/mngs/nn/_DifferentiableBandPassFilterInitializer/differentiable_bandpass_filter_reponses_filter#011_8.8_Hz.png
[0m
[93m
Saved to: /home/ywatanabe/proj/entrance/mngs/nn/_DifferentiableBandPassFilterInitializer/differentiable_bandpass_filter_reponses_filter#012_9.4_Hz.png
[0m
[93m
Saved to: /home/ywatanabe/proj/entrance/mngs/nn/_DifferentiableBandPassFilterInitializer/differentiable_bandpass_filter_reponses_filter#013_10.1_Hz.png
[0m
[93m
Saved to: /home/ywatanabe/proj/entrance/mngs/nn/_DifferentiableBandPassFilterInitializer/differentiable_bandpass_filter_reponses_filter#014_10.7_Hz.png
[0m
[93m
Saved to: /home/ywatanabe/proj/entrance/mngs/nn/_DifferentiableBandPassFilterInitializer/differentiable_bandpass_filter_reponses_filter#015_11.3_Hz.png
[0m
[93m
Saved to: /home/ywatanabe/proj/entrance/mngs/nn/_DifferentiableBandPassFilterInitializer/differentiable_bandpass_filter_reponses_filter#016_11.9_Hz.png
[0m
[93m
Saved to: /home/ywatanabe/proj/entrance/mngs/nn/_DifferentiableBandPassFilterInitializer/differentiable_bandpass_filter_reponses_filter#017_12.6_Hz.png
[0m
[93m
Saved to: /home/ywatanabe/proj/entrance/mngs/nn/_DifferentiableBandPassFilterInitializer/differentiable_bandpass_filter_reponses_filter#018_13.2_Hz.png
[0m
[93m
Saved to: /home/ywatanabe/proj/entrance/mngs/nn/_DifferentiableBandPassFilterInitializer/differentiable_bandpass_filter_reponses_filter#019_13.8_Hz.png
[0m
[93m
Saved to: /home/ywatanabe/proj/entrance/mngs/nn/_DifferentiableBandPassFilterInitializer/differentiable_bandpass_filter_reponses_filter#020_14.4_Hz.png
[0m
[93m
Saved to: /home/ywatanabe/proj/entrance/mngs/nn/_DifferentiableBandPassFilterInitializer/differentiable_bandpass_filter_reponses_filter#021_15.0_Hz.png
[0m
[93m
Saved to: /home/ywatanabe/proj/entrance/mngs/nn/_DifferentiableBandPassFilterInitializer/differentiable_bandpass_filter_reponses_filter#022_15.7_Hz.png
[0m
[93m
Saved to: /home/ywatanabe/proj/entrance/mngs/nn/_DifferentiableBandPassFilterInitializer/differentiable_bandpass_filter_reponses_filter#023_16.3_Hz.png
[0m
[93m
Saved to: /home/ywatanabe/proj/entrance/mngs/nn/_DifferentiableBandPassFilterInitializer/differentiable_bandpass_filter_reponses_filter#024_16.9_Hz.png
[0m
[93m
Saved to: /home/ywatanabe/proj/entrance/mngs/nn/_DifferentiableBandPassFilterInitializer/differentiable_bandpass_filter_reponses_filter#025_17.5_Hz.png
[0m
[93m
Saved to: /home/ywatanabe/proj/entrance/mngs/nn/_DifferentiableBandPassFilterInitializer/differentiable_bandpass_filter_reponses_filter#026_18.1_Hz.png
[0m
[93m
Saved to: /home/ywatanabe/proj/entrance/mngs/nn/_DifferentiableBandPassFilterInitializer/differentiable_bandpass_filter_reponses_filter#027_18.8_Hz.png
[0m
[93m
Saved to: /home/ywatanabe/proj/entrance/mngs/nn/_DifferentiableBandPassFilterInitializer/differentiable_bandpass_filter_reponses_filter#028_19.4_Hz.png
[0m
[93m
Saved to: /home/ywatanabe/proj/entrance/mngs/nn/_DifferentiableBandPassFilterInitializer/differentiable_bandpass_filter_reponses_filter#029_20.0_Hz.png
[0m
[93m
Saved to: /home/ywatanabe/proj/entrance/mngs/nn/_DifferentiableBandPassFilterInitializer/differentiable_bandpass_filter_reponses_filter#030_60.0_Hz.png
[0m
[93m
Saved to: /home/ywatanabe/proj/entrance/mngs/nn/_DifferentiableBandPassFilterInitializer/differentiable_bandpass_filter_reponses_filter#031_62.0_Hz.png
[0m
[93m
Saved to: /home/ywatanabe/proj/entrance/mngs/nn/_DifferentiableBandPassFilterInitializer/differentiable_bandpass_filter_reponses_filter#032_64.1_Hz.png
[0m
[93m
Saved to: /home/ywatanabe/proj/entrance/mngs/nn/_DifferentiableBandPassFilterInitializer/differentiable_bandpass_filter_reponses_filter#033_66.1_Hz.png
[0m
[93m
Saved to: /home/ywatanabe/proj/entrance/mngs/nn/_DifferentiableBandPassFilterInitializer/differentiable_bandpass_filter_reponses_filter#034_68.2_Hz.png
[0m
[93m
Saved to: /home/ywatanabe/proj/entrance/mngs/nn/_DifferentiableBandPassFilterInitializer/differentiable_bandpass_filter_reponses_filter#035_70.2_Hz.png
[0m
[93m
Saved to: /home/ywatanabe/proj/entrance/mngs/nn/_DifferentiableBandPassFilterInitializer/differentiable_bandpass_filter_reponses_filter#036_72.2_Hz.png
[0m
[93m
Saved to: /home/ywatanabe/proj/entrance/mngs/nn/_DifferentiableBandPassFilterInitializer/differentiable_bandpass_filter_reponses_filter#037_74.3_Hz.png
[0m
[93m
Saved to: /home/ywatanabe/proj/entrance/mngs/nn/_DifferentiableBandPassFilterInitializer/differentiable_bandpass_filter_reponses_filter#038_76.3_Hz.png
[0m
[93m
Saved to: /home/ywatanabe/proj/entrance/mngs/nn/_DifferentiableBandPassFilterInitializer/differentiable_bandpass_filter_reponses_filter#039_78.4_Hz.png
[0m
[93m
Saved to: /home/ywatanabe/proj/entrance/mngs/nn/_DifferentiableBandPassFilterInitializer/differentiable_bandpass_filter_reponses_filter#040_80.4_Hz.png
[0m
[93m
Saved to: /home/ywatanabe/proj/entrance/mngs/nn/_DifferentiableBandPassFilterInitializer/differentiable_bandpass_filter_reponses_filter#041_82.4_Hz.png
[0m
[93m
Saved to: /home/ywatanabe/proj/entrance/mngs/nn/_DifferentiableBandPassFilterInitializer/differentiable_bandpass_filter_reponses_filter#042_84.5_Hz.png
[0m
[93m
Saved to: /home/ywatanabe/proj/entrance/mngs/nn/_DifferentiableBandPassFilterInitializer/differentiable_bandpass_filter_reponses_filter#043_86.5_Hz.png
[0m
[93m
Saved to: /home/ywatanabe/proj/entrance/mngs/nn/_DifferentiableBandPassFilterInitializer/differentiable_bandpass_filter_reponses_filter#044_88.6_Hz.png
[0m
[93m
Saved to: /home/ywatanabe/proj/entrance/mngs/nn/_DifferentiableBandPassFilterInitializer/differentiable_bandpass_filter_reponses_filter#045_90.6_Hz.png
[0m
[93m
Saved to: /home/ywatanabe/proj/entrance/mngs/nn/_DifferentiableBandPassFilterInitializer/differentiable_bandpass_filter_reponses_filter#046_92.7_Hz.png
[0m
[93m
Saved to: /home/ywatanabe/proj/entrance/mngs/nn/_DifferentiableBandPassFilterInitializer/differentiable_bandpass_filter_reponses_filter#047_94.7_Hz.png
[0m
[93m
Saved to: /home/ywatanabe/proj/entrance/mngs/nn/_DifferentiableBandPassFilterInitializer/differentiable_bandpass_filter_reponses_filter#048_96.7_Hz.png
[0m
[93m
Saved to: /home/ywatanabe/proj/entrance/mngs/nn/_DifferentiableBandPassFilterInitializer/differentiable_bandpass_filter_reponses_filter#049_98.8_Hz.png
[0m
[93m
Saved to: /home/ywatanabe/proj/entrance/mngs/nn/_DifferentiableBandPassFilterInitializer/differentiable_bandpass_filter_reponses_filter#050_100.8_Hz.png
[0m
[93m
Saved to: /home/ywatanabe/proj/entrance/mngs/nn/_DifferentiableBandPassFilterInitializer/differentiable_bandpass_filter_reponses_filter#051_102.9_Hz.png
[0m
[93m
Saved to: /home/ywatanabe/proj/entrance/mngs/nn/_DifferentiableBandPassFilterInitializer/differentiable_bandpass_filter_reponses_filter#052_104.9_Hz.png
[0m
[93m
Saved to: /home/ywatanabe/proj/entrance/mngs/nn/_DifferentiableBandPassFilterInitializer/differentiable_bandpass_filter_reponses_filter#053_106.9_Hz.png
[0m
[93m
Saved to: /home/ywatanabe/proj/entrance/mngs/nn/_DifferentiableBandPassFilterInitializer/differentiable_bandpass_filter_reponses_filter#054_109.0_Hz.png
[0m
[93m
Saved to: /home/ywatanabe/proj/entrance/mngs/nn/_DifferentiableBandPassFilterInitializer/differentiable_bandpass_filter_reponses_filter#055_111.0_Hz.png
[0m
[93m
Saved to: /home/ywatanabe/proj/entrance/mngs/nn/_DifferentiableBandPassFilterInitializer/differentiable_bandpass_filter_reponses_filter#056_113.1_Hz.png
[0m
[93m
Saved to: /home/ywatanabe/proj/entrance/mngs/nn/_DifferentiableBandPassFilterInitializer/differentiable_bandpass_filter_reponses_filter#057_115.1_Hz.png
[0m
[93m
Saved to: /home/ywatanabe/proj/entrance/mngs/nn/_DifferentiableBandPassFilterInitializer/differentiable_bandpass_filter_reponses_filter#058_117.1_Hz.png
[0m
[93m
Saved to: /home/ywatanabe/proj/entrance/mngs/nn/_DifferentiableBandPassFilterInitializer/differentiable_bandpass_filter_reponses_filter#059_119.2_Hz.png
[0m
[93m
Saved to: /home/ywatanabe/proj/entrance/mngs/nn/_DifferentiableBandPassFilterInitializer/differentiable_bandpass_filter_reponses_filter#060_121.2_Hz.png
[0m
[93m
Saved to: /home/ywatanabe/proj/entrance/mngs/nn/_DifferentiableBandPassFilterInitializer/differentiable_bandpass_filter_reponses_filter#061_123.3_Hz.png
[0m
[93m
Saved to: /home/ywatanabe/proj/entrance/mngs/nn/_DifferentiableBandPassFilterInitializer/differentiable_bandpass_filter_reponses_filter#062_125.3_Hz.png
[0m
[93m
Saved to: /home/ywatanabe/proj/entrance/mngs/nn/_DifferentiableBandPassFilterInitializer/differentiable_bandpass_filter_reponses_filter#063_127.3_Hz.png
[0m
[93m
Saved to: /home/ywatanabe/proj/entrance/mngs/nn/_DifferentiableBandPassFilterInitializer/differentiable_bandpass_filter_reponses_filter#064_129.4_Hz.png
[0m
[93m
Saved to: /home/ywatanabe/proj/entrance/mngs/nn/_DifferentiableBandPassFilterInitializer/differentiable_bandpass_filter_reponses_filter#065_131.4_Hz.png
[0m
[93m
Saved to: /home/ywatanabe/proj/entrance/mngs/nn/_DifferentiableBandPassFilterInitializer/differentiable_bandpass_filter_reponses_filter#066_133.5_Hz.png
[0m
[93m
Saved to: /home/ywatanabe/proj/entrance/mngs/nn/_DifferentiableBandPassFilterInitializer/differentiable_bandpass_filter_reponses_filter#067_135.5_Hz.png
[0m
[93m
Saved to: /home/ywatanabe/proj/entrance/mngs/nn/_DifferentiableBandPassFilterInitializer/differentiable_bandpass_filter_reponses_filter#068_137.6_Hz.png
[0m
[93m
Saved to: /home/ywatanabe/proj/entrance/mngs/nn/_DifferentiableBandPassFilterInitializer/differentiable_bandpass_filter_reponses_filter#069_139.6_Hz.png
[0m
[93m
Saved to: /home/ywatanabe/proj/entrance/mngs/nn/_DifferentiableBandPassFilterInitializer/differentiable_bandpass_filter_reponses_filter#070_141.6_Hz.png
[0m
[93m
Saved to: /home/ywatanabe/proj/entrance/mngs/nn/_DifferentiableBandPassFilterInitializer/differentiable_bandpass_filter_reponses_filter#071_143.7_Hz.png
[0m
[93m
Saved to: /home/ywatanabe/proj/entrance/mngs/nn/_DifferentiableBandPassFilterInitializer/differentiable_bandpass_filter_reponses_filter#072_145.7_Hz.png
[0m
[93m
Saved to: /home/ywatanabe/proj/entrance/mngs/nn/_DifferentiableBandPassFilterInitializer/differentiable_bandpass_filter_reponses_filter#073_147.8_Hz.png
[0m
[93m
Saved to: /home/ywatanabe/proj/entrance/mngs/nn/_DifferentiableBandPassFilterInitializer/differentiable_bandpass_filter_reponses_filter#074_149.8_Hz.png
[0m
[93m
Saved to: /home/ywatanabe/proj/entrance/mngs/nn/_DifferentiableBandPassFilterInitializer/differentiable_bandpass_filter_reponses_filter#075_151.8_Hz.png
[0m
[93m
Saved to: /home/ywatanabe/proj/entrance/mngs/nn/_DifferentiableBandPassFilterInitializer/differentiable_bandpass_filter_reponses_filter#076_153.9_Hz.png
[0m
[93m
Saved to: /home/ywatanabe/proj/entrance/mngs/nn/_DifferentiableBandPassFilterInitializer/differentiable_bandpass_filter_reponses_filter#077_155.9_Hz.png
[0m
[93m
Saved to: /home/ywatanabe/proj/entrance/mngs/nn/_DifferentiableBandPassFilterInitializer/differentiable_bandpass_filter_reponses_filter#078_158.0_Hz.png
[0m
[93m
Saved to: /home/ywatanabe/proj/entrance/mngs/nn/_DifferentiableBandPassFilterInitializer/differentiable_bandpass_filter_reponses_filter#079_160.0_Hz.png
[0m
