[93m
Saved to: /home/ywatanabe/proj/mngs/src/mngs/plt/_subplots/_to_sigma/plots.png (39.7 KiB)[0m
[93m
Saved to: /home/ywatanabe/proj/mngs/src/mngs/plt/_subplots/_to_sigma/plots.csv (83.0 B)[0m
[93m
Saved to: /home/ywatanabe/proj/mngs/src/mngs/plt/_subplots/_to_sigma/plots_wo_tracking.png (39.7 KiB)[0m
[93m
Saved to: /home/ywatanabe/proj/mngs/src/mngs/plt/_subplots/_to_sigma/plots_wo_tracking.csv (83.0 B)[0m
[93m
Saved to: /home/ywatanabe/proj/mngs/src/mngs/plt/_subplots/_to_sigma/scatters.png (29.0 KiB)[0m
[93m
Saved to: /home/ywatanabe/proj/mngs/src/mngs/plt/_subplots/_to_sigma/scatters.csv (183.0 B)[0m
[93m
Saved to: /home/ywatanabe/proj/mngs/src/mngs/plt/_subplots/_to_sigma/boxplot1.png (29.5 KiB)[0m
object of type 'int' has no len()
[93m
Saved to: /home/ywatanabe/proj/mngs/src/mngs/plt/_subplots/_to_sigma/boxplot1.csv (3.0 B)[0m
[93m
Saved to: /home/ywatanabe/proj/mngs/src/mngs/plt/_subplots/_to_sigma/bar1.png (17.3 KiB)[0m
object of type 'int' has no len()
[93m
Saved to: /home/ywatanabe/proj/mngs/src/mngs/plt/_subplots/_to_sigma/bar1.csv (3.0 B)[0m
[93m
----------------------------------------
Congratulations! The script completed.

/home/ywatanabe/proj/mngs/src/mngs/plt/_subplots/_to_sigma/2024Y-06M-08D-00h06m46s_i9pW/
----------------------------------------
[0m
