
----------------------------------------
Matplotlib has been configured as follows:

Figure DPI (Display): 100 DPI
Figure DPI (Save): 300 DPI
Figure Size (Not the Axis Size): 160.0 x 100.0 mm (width x height)
Font Size (Title): 14 pt
Font Size (X/Y Label): 12 pt
Font Size (Tick Label): 10 pt
Font Size (Legend): 8 pt
Hide Top and Right Axes: True
Custom Colors (RGBA):
  blue: [0, 128, 192, 0.9]
  red: [255, 70, 50, 0.9]
  pink: [255, 150, 200, 0.9]
  green: [20, 180, 20, 0.9]
  yellow: [230, 160, 20, 0.9]
  grey: [128, 128, 128, 0.9]
  purple: [200, 50, 255, 0.9]
  lightblue: [20, 200, 200, 0.9]
  brown: [128, 0, 0, 0.9]
  darkblue: [0, 0, 100, 0.9]
  orange: [228, 94, 50, 0.9]
  white: [255, 255, 255, 0.9]
  black: [0, 0, 0, 0.9]
----------------------------------------
[93m
Saved to: /home/ywatanabe/proj/entrance/mngs/res/_get_specs/specs.yaml
[0m

END TIME: 2024-04-21 23:09:28.072296

SPENT TIME: 00:00:02
[93m
Saved to: /home/ywatanabe/proj/entrance/mngs/res/_get_specs/RUNNING/2024Y-04M-21D-23h09m25s_6J15/CONFIG.pkl
[0m

Email was sent: mngs.notification@gmail.com -> wyusuuke@gmail.com (ID: 2024Y-04M-21D-23h09m25s_6J15)
[93m
----------------------------------------
Congratulations! The script completed.

/home/ywatanabe/proj/entrance/mngs/res/_get_specs/2024Y-04M-21D-23h09m25s_6J15/
----------------------------------------
[0m
